<?xml version="1.0" encoding="utf-8"?><testsuites><testsuite name="pytest" errors="0" failures="0" skipped="0" tests="5" time="19.359" timestamp="2026-07-18T23:03:56.366972" hostname="DESKTOP-FAPUH5N"><testcase classname="tests.test_m9_dashboard_contract" name="test_estimate_cannot_be_displayed_without_complete_uncertainty_provenance" time="0.002" /><testcase classname="tests.test_m9_dashboard_contract" name="test_effective_loss_paths_cannot_claim_individual_walls" time="0.001" /><testcase classname="tests.test_m9_dashboard_contract" name="test_actual_dashboard_gate_blocks_or_accepts_the_current_m4_verdict" time="0.003" /><testcase classname="tests.test_m9_display_format" name="test_bic_is_rendered_to_one_decimal_while_raw_values_remain_in_run_artifacts" time="0.001" /><testcase classname="tests.test_m9_m10_validated_artifacts" name="test_validated_dashboard_and_chat_surface_only_sourced_uncertain_cards" time="15.905" /></testsuite></testsuites>