<?xml version="1.0" encoding="utf-8"?><testsuites><testsuite name="pytest" errors="0" failures="0" skipped="0" tests="7" time="32.086" timestamp="2026-07-18T22:58:17.785267" hostname="DESKTOP-FAPUH5N"><testcase classname="tests.test_m5_diagnostics" name="test_residual_sign_and_gap_segmentation_are_immutable" time="0.009" /><testcase classname="tests.test_m5_diagnostics" name="test_known_regime_break_is_detected_without_crossing_gap" time="0.031" /><testcase classname="tests.test_m5_diagnostics" name="test_bias_and_noise_classifications_are_distinct" time="0.006" /><testcase classname="tests.test_m5_diagnostics" name="test_block_bootstrap_is_deterministic" time="0.051" /><testcase classname="tests.test_m5_diagnostics" name="test_regime_calibration_reads_only_train_residuals" time="0.011" /><testcase classname="tests.test_m5_diagnostics" name="test_real_diagnostics_are_gated_or_materialized_from_validated_m4" time="13.911" /><testcase classname="tests.test_m5_real_validated_artifact" name="test_validated_m4_materializes_real_gap_aware_residual_diagnostics" time="14.740" /></testsuite></testsuites>