<?xml version="1.0" encoding="utf-8"?><testsuites><testsuite name="pytest" errors="0" failures="0" skipped="0" tests="87" time="95.792" timestamp="2026-07-19T21:37:16.070277" hostname="DESKTOP-FAPUH5N"><testcase classname="tests.test_annual_drift" name="test_structural_switch_finds_a_known_synthetic_break" time="0.005" /><testcase classname="tests.test_annual_drift" name="test_structural_switch_absent_on_calibrated_noise" time="0.003" /><testcase classname="tests.test_annual_drift" name="test_annual_drift_on_reference_data_dates_the_autumn_switch" time="1.884" /><testcase classname="tests.test_building_3d" name="test_cache_present_and_sourced_from_bdtopo" time="0.004" /><testcase classname="tests.test_building_3d" name="test_target_is_a_real_polygon_not_a_rectangle" time="0.005" /><testcase classname="tests.test_building_3d" name="test_neighbours_carry_real_heights" time="0.004" /><testcase classname="tests.test_business_language" name="test_fixed_surface_texts_are_free_of_identification_jargon" time="0.001" /><testcase classname="tests.test_business_language" name="test_article_twin_heat_loss_is_physically_readable_and_direct_dominated" time="0.001" /><testcase classname="tests.test_business_language" name="test_degenerate_flywheel_calibration_is_reported_as_unreadable" time="0.001" /><testcase classname="tests.test_counterfactuals" name="test_tracking_inversion_recovers_measured_power_when_nothing_changes" time="0.054" /><testcase classname="tests.test_counterfactuals" name="test_envelope_scenario_produces_a_real_saving_on_the_twin" time="0.092" /><testcase classname="tests.test_counterfactuals" name="test_inertia_scenario_is_declared_unreadable_on_quasi_integrator_masses" time="0.002" /><testcase classname="tests.test_counterfactuals" name="test_direct_path_scenario_collapses_onto_envelope_for_single_path_structures" time="0.001" /><testcase classname="tests.test_counterfactuals" name="test_apply_scenario_scales_only_targeted_parameters" time="0.001" /><testcase classname="tests.test_fast_sim" name="test_fast_simulator_matches_reference_loop_on_all_topologies" time="0.420" /><testcase classname="tests.test_live_run_engine" name="test_engine_emits_every_stage_in_order" time="6.775" /><testcase classname="tests.test_live_run_engine" name="test_engine_fit_events_reflect_real_per_start_progress" time="0.001" /><testcase classname="tests.test_live_run_engine" name="test_engine_payload_is_complete_and_journaled" time="0.017" /><testcase classname="tests.test_live_run_engine" name="test_engine_reference_twin_reproduces_the_published_calibration" time="0.001" /><testcase classname="tests.test_live_run_engine" name="test_engine_reports_heat_loss_non_robustness_between_equivalent_calibrations" time="0.001" /><testcase classname="tests.test_m10_constrained_chat" name="test_per_wall_causal_and_savings_requests_are_refused_explicitly" time="0.001" /><testcase classname="tests.test_m10_constrained_chat" name="test_current_model_query_is_blocked_or_answered_only_from_a_validated_context" time="0.029" /><testcase classname="tests.test_m10_constrained_chat" name="test_answer_cards_require_a_run_source_and_refusal_cards_cannot_leak_numbers" time="0.001" /><testcase classname="tests.test_m1_ingestion" name="test_month_split_is_calendar_based_and_preserves_gaps" time="0.004" /><testcase classname="tests.test_m1_ingestion" name="test_public_prepared_dataset_refers_to_the_executed_reference_protocol" time="0.002" /><testcase classname="tests.test_m1_reference_real" name="test_reference_data_pipeline_matches_notebook_counts_and_anchors" time="28.670" /><testcase classname="tests.test_m2_rc_core" name="test_all_19_topologies_are_valid_and_labels_are_preserved" time="0.001" /><testcase classname="tests.test_m2_rc_core" name="test_four_r_three_c_matches_the_frozen_matrix_oracle" time="0.002" /><testcase classname="tests.test_m2_rc_core" name="test_parallel_outdoor_resistances_add_their_conductances" time="0.002" /><testcase classname="tests.test_m2_rc_core" name="test_one_r_one_c_closed_form_and_input_indexing" time="0.003" /><testcase classname="tests.test_m2_rc_core" name="test_augmented_zoh_matches_independent_matrix_formula_and_semigroup" time="0.002" /><testcase classname="tests.test_m2_rc_core" name="test_real_hourly_data_smoke_is_finite_open_loop_and_deterministic" time="0.197" /><testcase classname="tests.test_m3_identification" name="test_residual_sign_and_bic_follow_the_frozen_convention" time="0.001" /><testcase classname="tests.test_m3_identification" name="test_initialisation_matches_cell_55_for_four_r_three_c" time="0.001" /><testcase classname="tests.test_m3_identification" name="test_open_loop_oracle_is_near_exact_and_l_bfgs_b_outcome_is_deterministic" time="0.744" /><testcase classname="tests.test_m3_status_preservation" name="test_metrics_are_preserved_when_optimizer_status_is_unsuccessful" time="0.002" /><testcase classname="tests.test_m4_executed_artifact" name="test_single_start_history_is_preserved_and_multistart_replaces_only_the_gate" time="0.025" /><testcase classname="tests.test_m4_multistart_optimizer_contract" name="test_multistart_only_changes_x0_not_l_bfgs_b_options_or_bounds" time="0.003" /><testcase classname="tests.test_m4_notebook_parameter_oracle" name="test_notebook_four_r_three_c_parameters_reproduce_the_three_reference_metrics" time="0.074" /><testcase classname="tests.test_m4_reproduction_contract" name="test_reference_bank_and_primary_contract_are_frozen" time="0.003" /><testcase classname="tests.test_m4_reproduction_contract" name="test_primary_contract_rejects_a_plausible_but_wrong_four_r_three_c" time="0.002" /><testcase classname="tests.test_m5_diagnostics" name="test_residual_sign_and_gap_segmentation_are_immutable" time="0.003" /><testcase classname="tests.test_m5_diagnostics" name="test_known_regime_break_is_detected_without_crossing_gap" time="0.037" /><testcase classname="tests.test_m5_diagnostics" name="test_bias_and_noise_classifications_are_distinct" time="0.017" /><testcase classname="tests.test_m5_diagnostics" name="test_block_bootstrap_is_deterministic" time="0.043" /><testcase classname="tests.test_m5_diagnostics" name="test_regime_calibration_reads_only_train_residuals" time="0.010" /><testcase classname="tests.test_m5_diagnostics" name="test_real_diagnostics_are_gated_or_materialized_from_validated_m4" time="11.554" /><testcase classname="tests.test_m5_metric_segment_disclosure" name="test_real_gap_aware_m5_metrics_disclose_their_statistic_segment" time="11.943" /><testcase classname="tests.test_m5_real_validated_artifact" name="test_validated_m4_materializes_real_gap_aware_residual_diagnostics" time="11.437" /><testcase classname="tests.test_m6_geometry" name="test_geometry_metrics_follow_an_accepted_calibrated_square" time="0.003" /><testcase classname="tests.test_m6_geometry" name="test_geometry_refuses_unreviewed_or_incomplete_inputs" time="0.001" /><testcase classname="tests.test_m6_geometry" name="test_actual_plan_inventory_has_six_single_page_records_in_workspace_tmp" time="2.200" /><testcase classname="tests.test_m6_geometry_orientation" name="test_facade_orientation_is_invariant_when_boundary_vertex_order_is_reversed" time="0.002" /><testcase classname="tests.test_m7_geometry_constrained" name="test_n_surface_branches_have_one_free_surface_parameter_and_aggregate_exactly" time="0.001" /><testcase classname="tests.test_m7_geometry_constrained" name="test_geometry_candidate_requires_human_accepted_inputs" time="0.001" /><testcase classname="tests.test_m7_geometry_constrained" name="test_real_geometry_fit_is_gated_or_reduces_to_one_surface_parameter" time="0.003" /><testcase classname="tests.test_m7_shared_surface_parameter" name="test_one_log_surface_parameter_controls_all_known_surface_branches" time="0.001" /><testcase classname="tests.test_m8_onboarding" name="test_all_unknown_inputs_ask_only_the_four_nonextractable_facts" time="0.001" /><testcase classname="tests.test_m8_onboarding" name="test_geometry_candidate_does_not_request_or_freeze_shared_surface_resistance" time="0.001" /><testcase classname="tests.test_m8_onboarding" name="test_not_asked_is_the_only_state_that_asks_a_question" time="0.001" /><testcase classname="tests.test_m9_dashboard_contract" name="test_estimate_cannot_be_displayed_without_complete_uncertainty_provenance" time="0.001" /><testcase classname="tests.test_m9_dashboard_contract" name="test_effective_loss_paths_cannot_claim_individual_walls" time="0.001" /><testcase classname="tests.test_m9_dashboard_contract" name="test_actual_dashboard_gate_blocks_or_accepts_the_current_m4_verdict" time="0.003" /><testcase classname="tests.test_m9_display_format" name="test_bic_is_rendered_to_one_decimal_while_raw_values_remain_in_run_artifacts" time="0.001" /><testcase classname="tests.test_m9_m10_validated_artifacts" name="test_validated_dashboard_and_chat_surface_only_sourced_uncertain_cards" time="13.491" /><testcase classname="tests.test_multistart_protocol" name="test_starts_are_deterministic_log_uniform_notebook_first_and_profile_matched" time="0.002" /><testcase classname="tests.test_multistart_protocol" name="test_train_mse_selects_even_a_nonconverged_fit_when_validation_prefers_another" time="0.002" /><testcase classname="tests.test_multistart_protocol" name="test_basin_summary_marks_train_objective_dispersion_as_initialization_sensitive" time="0.002" /><testcase classname="tests.test_multistart_protocol" name="test_revised_b_verdict_requires_oracle_uniformity_and_dispersion" time="0.001" /><testcase classname="tests.test_multistart_protocol" name="test_route_a_requires_predeclared_strong_bic_gap" time="0.002" /><testcase classname="tests.test_product_chat" name="test_drift_question_gets_a_dated_sourced_answer" time="0.004" /><testcase classname="tests.test_product_chat" name="test_wall_question_is_refused_with_explanation_and_alternative" time="0.003" /><testcase classname="tests.test_product_chat" name="test_guaranteed_savings_are_refused_with_conditional_alternative" time="0.003" /><testcase classname="tests.test_product_chat" name="test_unrelated_question_gets_a_helpful_refusal" time="0.004" /><testcase classname="tests.test_product_chat" name="test_cards_serialize_without_loss" time="0.003" /><testcase classname="tests.test_renovation" name="test_deep_retrofit_reproduces_reference_co2_and_cost" time="0.001" /><testcase classname="tests.test_renovation" name="test_exploitation_is_deterministic" time="0.001" /><testcase classname="tests.test_renovation" name="test_scenarios_ranked_by_payback_and_all_virtuous" time="0.002" /><testcase classname="tests.test_renovation" name="test_aides_and_regulation_present_and_english" time="0.002" /><testcase classname="tests.test_renovation" name="test_interpretation_returns_three_leads" time="0.001" /><testcase classname="tests.test_webapp" name="test_clean_replaces_non_finite_with_none" time="0.001" /><testcase classname="tests.test_webapp" name="test_finite_series_drops_non_finite_points" time="0.001" /><testcase classname="tests.test_webapp" name="test_no_non_finite_survives_clean_on_nested_structure" time="0.001" /><testcase classname="tests.test_webapp" name="test_topology_graphs_cover_all_19_with_valid_structure" time="0.002" /><testcase classname="tests.test_webapp" name="test_geometry_artifact_is_present_and_honest" time="0.002" /><testcase classname="tests.test_webapp" name="test_reference_selection_is_consistent_with_operating_twin" time="0.004" /><testcase classname="tests.test_webapp" name="test_uploaded_csv_with_renamed_tz_aware_columns_parses" time="0.121" /></testsuite></testsuites>