<?xml version="1.0" encoding="utf-8"?><testsuites><testsuite name="pytest" errors="0" failures="0" skipped="0" tests="38" time="30.813" timestamp="2026-07-18T19:15:55.997359" hostname="DESKTOP-FAPUH5N"><testcase classname="tests.test_m10_constrained_chat" name="test_per_wall_causal_and_savings_requests_are_refused_explicitly" time="0.002" /><testcase classname="tests.test_m10_constrained_chat" name="test_current_model_queries_are_blocked_by_invalid_m4" time="0.002" /><testcase classname="tests.test_m10_constrained_chat" name="test_answer_cards_require_a_run_source_and_refusal_cards_cannot_leak_numbers" time="0.001" /><testcase classname="tests.test_m1_ingestion" name="test_month_split_is_calendar_based_and_preserves_gaps" time="0.011" /><testcase classname="tests.test_m1_ingestion" name="test_public_prepared_dataset_refers_to_the_executed_reference_protocol" time="0.002" /><testcase classname="tests.test_m1_reference_real" name="test_reference_data_pipeline_matches_notebook_counts_and_anchors" time="24.997" /><testcase classname="tests.test_m2_rc_core" name="test_all_19_topologies_are_valid_and_labels_are_preserved" time="0.002" /><testcase classname="tests.test_m2_rc_core" name="test_four_r_three_c_matches_the_frozen_matrix_oracle" time="0.002" /><testcase classname="tests.test_m2_rc_core" name="test_parallel_outdoor_resistances_add_their_conductances" time="0.001" /><testcase classname="tests.test_m2_rc_core" name="test_one_r_one_c_closed_form_and_input_indexing" time="0.003" /><testcase classname="tests.test_m2_rc_core" name="test_augmented_zoh_matches_independent_matrix_formula_and_semigroup" time="0.003" /><testcase classname="tests.test_m2_rc_core" name="test_real_hourly_data_smoke_is_finite_open_loop_and_deterministic" time="0.177" /><testcase classname="tests.test_m3_identification" name="test_residual_sign_and_bic_follow_the_frozen_convention" time="0.001" /><testcase classname="tests.test_m3_identification" name="test_initialisation_matches_cell_55_for_four_r_three_c" time="0.001" /><testcase classname="tests.test_m3_identification" name="test_open_loop_oracle_is_near_exact_and_l_bfgs_b_outcome_is_deterministic" time="0.891" /><testcase classname="tests.test_m3_status_preservation" name="test_metrics_are_preserved_when_optimizer_status_is_unsuccessful" time="0.003" /><testcase classname="tests.test_m4_executed_artifact" name="test_executed_m4_artifact_preserves_all_labels_and_failure" time="0.006" /><testcase classname="tests.test_m4_notebook_parameter_oracle" name="test_notebook_four_r_three_c_parameters_reproduce_the_three_reference_metrics" time="0.096" /><testcase classname="tests.test_m4_reproduction_contract" name="test_reference_bank_and_primary_contract_are_frozen" time="0.002" /><testcase classname="tests.test_m4_reproduction_contract" name="test_primary_contract_rejects_a_plausible_but_wrong_four_r_three_c" time="0.003" /><testcase classname="tests.test_m5_diagnostics" name="test_residual_sign_and_gap_segmentation_are_immutable" time="0.003" /><testcase classname="tests.test_m5_diagnostics" name="test_known_regime_break_is_detected_without_crossing_gap" time="0.022" /><testcase classname="tests.test_m5_diagnostics" name="test_bias_and_noise_classifications_are_distinct" time="0.007" /><testcase classname="tests.test_m5_diagnostics" name="test_block_bootstrap_is_deterministic" time="0.038" /><testcase classname="tests.test_m5_diagnostics" name="test_regime_calibration_reads_only_train_residuals" time="0.011" /><testcase classname="tests.test_m5_diagnostics" name="test_real_diagnostics_refuse_current_invalid_m4_artifact" time="0.002" /><testcase classname="tests.test_m6_geometry" name="test_geometry_metrics_follow_an_accepted_calibrated_square" time="0.003" /><testcase classname="tests.test_m6_geometry" name="test_geometry_refuses_unreviewed_or_incomplete_inputs" time="0.002" /><testcase classname="tests.test_m6_geometry" name="test_actual_plan_inventory_has_six_single_page_records_in_workspace_tmp" time="1.663" /><testcase classname="tests.test_m7_geometry_constrained" name="test_n_surface_branches_have_one_free_surface_parameter_and_aggregate_exactly" time="0.001" /><testcase classname="tests.test_m7_geometry_constrained" name="test_geometry_candidate_requires_human_accepted_inputs" time="0.001" /><testcase classname="tests.test_m7_geometry_constrained" name="test_real_geometry_fit_is_blocked_by_invalid_m4_before_any_parameter_fit" time="0.003" /><testcase classname="tests.test_m8_onboarding" name="test_all_unknown_inputs_yield_exactly_five_questions" time="0.001" /><testcase classname="tests.test_m8_onboarding" name="test_known_and_unknown_answers_change_only_their_own_dependencies" time="0.001" /><testcase classname="tests.test_m8_onboarding" name="test_not_asked_is_the_only_state_that_asks_a_question" time="0.001" /><testcase classname="tests.test_m9_dashboard_contract" name="test_estimate_cannot_be_displayed_without_complete_uncertainty_provenance" time="0.001" /><testcase classname="tests.test_m9_dashboard_contract" name="test_effective_loss_paths_cannot_claim_individual_walls" time="0.001" /><testcase classname="tests.test_m9_dashboard_contract" name="test_actual_dashboard_gate_blocks_invalid_m4" time="0.002" /></testsuite></testsuites>