<?xml version="1.0" encoding="utf-8"?><testsuites><testsuite name="pytest" errors="0" failures="0" skipped="0" tests="7" time="2.077" timestamp="2026-07-18T22:53:54.472532" hostname="DESKTOP-FAPUH5N"><testcase classname="tests.test_m4_executed_artifact" name="test_single_start_history_is_preserved_and_multistart_replaces_only_the_gate" time="0.051" /><testcase classname="tests.test_multistart_protocol" name="test_starts_are_deterministic_log_uniform_notebook_first_and_profile_matched" time="0.005" /><testcase classname="tests.test_multistart_protocol" name="test_train_mse_selects_even_a_nonconverged_fit_when_validation_prefers_another" time="0.005" /><testcase classname="tests.test_multistart_protocol" name="test_basin_summary_marks_train_objective_dispersion_as_initialization_sensitive" time="0.002" /><testcase classname="tests.test_multistart_protocol" name="test_revised_b_verdict_requires_oracle_uniformity_and_dispersion" time="0.002" /><testcase classname="tests.test_multistart_protocol" name="test_route_a_requires_predeclared_strong_bic_gap" time="0.002" /><testcase classname="tests.test_m4_multistart_optimizer_contract" name="test_multistart_only_changes_x0_not_l_bfgs_b_options_or_bounds" time="0.004" /></testsuite></testsuites>