<?xml version="1.0" encoding="utf-8"?><testsuites><testsuite name="pytest" errors="0" failures="0" skipped="0" tests="11" time="3.395" timestamp="2026-07-18T23:02:56.313421" hostname="DESKTOP-FAPUH5N"><testcase classname="tests.test_m6_geometry" name="test_geometry_metrics_follow_an_accepted_calibrated_square" time="0.003" /><testcase classname="tests.test_m6_geometry" name="test_geometry_refuses_unreviewed_or_incomplete_inputs" time="0.002" /><testcase classname="tests.test_m6_geometry" name="test_actual_plan_inventory_has_six_single_page_records_in_workspace_tmp" time="2.110" /><testcase classname="tests.test_m6_geometry_orientation" name="test_facade_orientation_is_invariant_when_boundary_vertex_order_is_reversed" time="0.002" /><testcase classname="tests.test_m7_geometry_constrained" name="test_n_surface_branches_have_one_free_surface_parameter_and_aggregate_exactly" time="0.001" /><testcase classname="tests.test_m7_geometry_constrained" name="test_geometry_candidate_requires_human_accepted_inputs" time="0.001" /><testcase classname="tests.test_m7_geometry_constrained" name="test_real_geometry_fit_is_gated_or_reduces_to_one_surface_parameter" time="0.003" /><testcase classname="tests.test_m7_shared_surface_parameter" name="test_one_log_surface_parameter_controls_all_known_surface_branches" time="0.001" /><testcase classname="tests.test_m8_onboarding" name="test_all_unknown_inputs_ask_only_the_four_nonextractable_facts" time="0.001" /><testcase classname="tests.test_m8_onboarding" name="test_geometry_candidate_does_not_request_or_freeze_shared_surface_resistance" time="0.002" /><testcase classname="tests.test_m8_onboarding" name="test_not_asked_is_the_only_state_that_asks_a_question" time="0.001" /></testsuite></testsuites>